2024-11-08 15:48:06.266 [info] [main] Log level: Info
2024-11-08 15:48:06.266 [info] [main] Validating found git in: "git"
2024-11-08 15:48:06.266 [info] [main] Using git "2.47.0" from "git"
2024-11-08 15:48:06.266 [info] [Model][doInitialScan] Initial repository scan started
2024-11-08 15:48:06.266 [info] > git rev-parse --show-toplevel [16ms]
2024-11-08 15:48:06.266 [info] fatal: not a git repository (or any of the parent directories): .git
2024-11-08 15:48:06.266 [info] > git rev-parse --show-toplevel [193ms]
2024-11-08 15:48:06.266 [info] fatal: not a git repository (or any of the parent directories): .git
2024-11-08 15:48:06.268 [info] > git rev-parse --show-toplevel [8ms]
2024-11-08 15:48:06.268 [info] fatal: not a git repository (or any of the parent directories): .git
2024-11-08 15:48:06.300 [info] > git rev-parse --show-toplevel [12ms]
2024-11-08 15:48:06.300 [info] fatal: not a git repository (or any of the parent directories): .git
2024-11-08 15:48:06.307 [info] [Model][doInitialScan] Initial repository scan completed - repositories (0), closed repositories (0), parent repositories (0), unsafe repositories (0)
2024-11-08 15:48:06.336 [info] > git rev-parse --show-toplevel [13ms]
2024-11-08 15:48:06.336 [info] fatal: not a git repository (or any of the parent directories): .git
2024-11-08 15:48:06.365 [info] > git rev-parse --show-toplevel [11ms]
2024-11-08 15:48:06.365 [info] fatal: not a git repository (or any of the parent directories): .git
2024-11-08 15:48:12.269 [info] [main] Log level: Info
2024-11-08 15:48:12.269 [info] [main] Validating found git in: "git"
2024-11-08 15:48:12.269 [info] [main] Using git "2.47.0" from "git"
2024-11-08 15:48:12.269 [info] [Model][doInitialScan] Initial repository scan started
2024-11-08 15:48:12.269 [info] [Model][doInitialScan] Initial repository scan completed - repositories (0), closed repositories (0), parent repositories (0), unsafe repositories (0)
