2024-11-08 11:32:55.090 [info] Added views:outline in workbench.view.explorer
2024-11-08 11:32:55.090 [info] Added views:workbench.view.search in workbench.view.search
2024-11-08 11:32:55.090 [info] Added views:workbench.scm in workbench.view.scm
2024-11-08 11:32:55.090 [info] Added views:workbench.panel.markers.view in workbench.panel.markers
2024-11-08 11:32:55.090 [info] Added views:workbench.panel.output in workbench.panel.output
2024-11-08 11:32:55.090 [info] Added views:terminal in terminal
2024-11-08 11:32:55.090 [info] Added views:timeline in workbench.view.explorer
2024-11-08 11:32:55.090 [info] Added views:workbench.explorer.fileView in workbench.view.explorer
2024-11-08 11:32:56.294 [info] Added views:workbench.debug.welcome in workbench.view.debug
2024-11-08 11:32:56.355 [info] Added views:workbench.panel.repl.view in workbench.panel.repl
2024-11-08 11:32:57.460 [info] Added views:~remote.forwardedPorts in ~remote.forwardedPortsContainer
2024-11-08 11:34:20.905 [info] Added views:outline in workbench.view.explorer
2024-11-08 11:34:20.905 [info] Added views:workbench.view.search in workbench.view.search
2024-11-08 11:34:20.905 [info] Added views:workbench.scm in workbench.view.scm
2024-11-08 11:34:20.905 [info] Added views:workbench.panel.markers.view in workbench.panel.markers
2024-11-08 11:34:20.905 [info] Added views:workbench.panel.output in workbench.panel.output
2024-11-08 11:34:20.905 [info] Added views:terminal in terminal
2024-11-08 11:34:20.905 [info] Added views:timeline in workbench.view.explorer
2024-11-08 11:34:20.905 [info] Added views:workbench.explorer.fileView in workbench.view.explorer
2024-11-08 11:34:21.228 [info] Added views:workbench.debug.welcome in workbench.view.debug
2024-11-08 11:34:22.405 [info] Added views:workbench.panel.repl.view in workbench.panel.repl
2024-11-08 11:34:22.987 [info] Added views:~remote.forwardedPorts in ~remote.forwardedPortsContainer
2024-11-08 11:46:16.852 [info] Added views:workbench.views.extensions.installed,workbench.views.extensions.popular,extensions.recommendedList in workbench.view.extensions
2024-11-08 11:46:16.857 [info] Removed views:workbench.views.extensions.popular from workbench.view.extensions
2024-11-08 11:46:19.551 [info] Removed views:extensions.recommendedList,workbench.views.extensions.installed from workbench.view.extensions
2024-11-08 11:46:19.561 [info] Added views:workbench.views.extensions.marketplace in workbench.view.extensions
2024-11-08 11:59:18.195 [info] Added views:outline in workbench.view.explorer
2024-11-08 11:59:18.195 [info] Added views:workbench.view.search in workbench.view.search
2024-11-08 11:59:18.195 [info] Added views:workbench.scm in workbench.view.scm
2024-11-08 11:59:18.195 [info] Added views:workbench.panel.markers.view in workbench.panel.markers
2024-11-08 11:59:18.195 [info] Added views:workbench.panel.output in workbench.panel.output
2024-11-08 11:59:18.195 [info] Added views:terminal in terminal
2024-11-08 11:59:18.195 [info] Added views:timeline in workbench.view.explorer
2024-11-08 11:59:18.195 [info] Added views:workbench.explorer.fileView in workbench.view.explorer
2024-11-08 11:59:18.467 [info] Added views:workbench.debug.welcome in workbench.view.debug
2024-11-08 11:59:19.333 [info] Added views:workbench.panel.repl.view in workbench.panel.repl
2024-11-08 11:59:19.809 [info] Added views:~remote.forwardedPorts in ~remote.forwardedPortsContainer
