2024-11-08 10:10:08.827 [info] Extension host with pid 1753 started
2024-11-08 10:10:08.827 [info] Skipping acquiring lock for /home/lughx/.config/Code/User/workspaceStorage/9d2f716c20052a20d4285cb71a51c116.
2024-11-08 10:10:09.080 [info] ExtensionService#_doActivateExtension vscode.emmet, startup: false, activationEvent: 'onLanguage'
2024-11-08 10:10:09.196 [info] ExtensionService#_doActivateExtension vscode.git-base, startup: true, activationEvent: '*', root cause: vscode.git
2024-11-08 10:10:09.206 [info] ExtensionService#_doActivateExtension vscode.git, startup: true, activationEvent: '*'
2024-11-08 10:10:09.391 [info] ExtensionService#_doActivateExtension vscode.github, startup: true, activationEvent: '*'
2024-11-08 10:10:09.671 [info] Eager extensions activated
2024-11-08 10:10:09.714 [info] ExtensionService#_doActivateExtension vscode.debug-auto-launch, startup: false, activationEvent: 'onStartupFinished'
2024-11-08 10:10:09.725 [info] ExtensionService#_doActivateExtension vscode.merge-conflict, startup: false, activationEvent: 'onStartupFinished'
2024-11-08 11:12:18.077 [info] Extension host terminating: renderer closed the MessagePort
2024-11-08 11:12:18.103 [info] Extension host with pid 1753 exiting with code 0
2024-11-08 11:12:20.289 [info] Extension host with pid 34471 started
2024-11-08 11:12:20.289 [info] Skipping acquiring lock for /home/lughx/.config/Code/User/workspaceStorage/b5779bf3340464429556e68a6e9fed77.
2024-11-08 11:12:20.473 [info] ExtensionService#_doActivateExtension vscode.emmet, startup: false, activationEvent: 'onLanguage'
2024-11-08 11:12:20.607 [info] ExtensionService#_doActivateExtension vscode.git-base, startup: true, activationEvent: '*', root cause: vscode.git
2024-11-08 11:12:20.659 [info] ExtensionService#_doActivateExtension vscode.git, startup: true, activationEvent: '*'
2024-11-08 11:12:20.837 [info] ExtensionService#_doActivateExtension vscode.github, startup: true, activationEvent: '*'
2024-11-08 11:12:21.052 [info] Eager extensions activated
2024-11-08 11:12:21.123 [info] ExtensionService#_doActivateExtension vscode.debug-auto-launch, startup: false, activationEvent: 'onStartupFinished'
2024-11-08 11:12:21.128 [info] ExtensionService#_doActivateExtension vscode.merge-conflict, startup: false, activationEvent: 'onStartupFinished'
2024-11-08 11:13:08.861 [info] Extension host terminating: renderer closed the MessagePort
2024-11-08 11:13:08.891 [info] Extension host with pid 34471 exiting with code 0
