2024-11-08 11:32:56.315 [info] Extension host with pid 44903 started
2024-11-08 11:32:56.315 [info] Skipping acquiring lock for /home/lughx/.config/Code/User/workspaceStorage/87f6b72bf11e272574982c684e646f41.
2024-11-08 11:32:56.350 [info] ExtensionService#_doActivateExtension vscode.emmet, startup: false, activationEvent: 'onLanguage'
2024-11-08 11:32:56.462 [info] ExtensionService#_doActivateExtension vscode.git-base, startup: true, activationEvent: '*', root cause: vscode.git
2024-11-08 11:32:56.479 [info] ExtensionService#_doActivateExtension vscode.git, startup: true, activationEvent: '*'
2024-11-08 11:32:56.635 [info] ExtensionService#_doActivateExtension vscode.github, startup: true, activationEvent: '*'
2024-11-08 11:32:56.859 [info] Eager extensions activated
2024-11-08 11:32:56.905 [info] ExtensionService#_doActivateExtension vscode.debug-auto-launch, startup: false, activationEvent: 'onStartupFinished'
2024-11-08 11:32:56.911 [info] ExtensionService#_doActivateExtension vscode.merge-conflict, startup: false, activationEvent: 'onStartupFinished'
2024-11-08 11:32:56.953 [info] ExtensionService#_doActivateExtension Catppuccin.catppuccin-vsc, startup: false, activationEvent: 'onStartupFinished'
2024-11-08 11:32:56.964 [info] ExtensionService#_doActivateExtension Catppuccin.catppuccin-vsc-icons, startup: false, activationEvent: 'onStartupFinished'
2024-11-08 11:32:57.359 [info] ExtensionService#_doActivateExtension vscode.configuration-editing, startup: false, activationEvent: 'onLanguage:jsonc'
2024-11-08 11:32:57.386 [info] ExtensionService#_doActivateExtension vscode.json-language-features, startup: false, activationEvent: 'onLanguage:jsonc'
2024-11-08 11:32:57.515 [info] ExtensionService#_doActivateExtension vscode.typescript-language-features, startup: false, activationEvent: 'onLanguage:jsonc'
2024-11-08 11:34:19.488 [info] Extension host terminating: renderer closed the MessagePort
2024-11-08 11:34:19.542 [info] Extension host with pid 44903 exiting with code 0
2024-11-08 11:34:22.144 [info] Extension host with pid 45583 started
2024-11-08 11:34:22.144 [info] Skipping acquiring lock for /home/lughx/.config/Code/User/workspaceStorage/b5779bf3340464429556e68a6e9fed77.
2024-11-08 11:34:22.399 [info] ExtensionService#_doActivateExtension vscode.emmet, startup: false, activationEvent: 'onLanguage'
2024-11-08 11:34:22.571 [info] ExtensionService#_doActivateExtension vscode.git-base, startup: true, activationEvent: '*', root cause: vscode.git
2024-11-08 11:34:22.620 [info] ExtensionService#_doActivateExtension vscode.git, startup: true, activationEvent: '*'
2024-11-08 11:34:22.782 [info] ExtensionService#_doActivateExtension vscode.github, startup: true, activationEvent: '*'
2024-11-08 11:34:22.999 [info] Eager extensions activated
2024-11-08 11:34:23.073 [info] ExtensionService#_doActivateExtension vscode.debug-auto-launch, startup: false, activationEvent: 'onStartupFinished'
2024-11-08 11:34:23.078 [info] ExtensionService#_doActivateExtension vscode.merge-conflict, startup: false, activationEvent: 'onStartupFinished'
2024-11-08 11:34:23.134 [info] ExtensionService#_doActivateExtension Catppuccin.catppuccin-vsc, startup: false, activationEvent: 'onStartupFinished'
2024-11-08 11:34:23.145 [info] ExtensionService#_doActivateExtension Catppuccin.catppuccin-vsc-icons, startup: false, activationEvent: 'onStartupFinished'
2024-11-08 11:34:23.470 [info] ExtensionService#_doActivateExtension vscode.configuration-editing, startup: false, activationEvent: 'onLanguage:jsonc'
2024-11-08 11:34:23.495 [info] ExtensionService#_doActivateExtension vscode.json-language-features, startup: false, activationEvent: 'onLanguage:jsonc'
2024-11-08 11:34:23.620 [info] ExtensionService#_doActivateExtension vscode.typescript-language-features, startup: false, activationEvent: 'onLanguage:jsonc'
2024-11-08 11:46:23.610 [info] ExtensionService#_doActivateExtension esbenp.prettier-vscode, startup: false, activationEvent: 'onStartupFinished'
2024-11-08 11:59:17.232 [info] Extension host terminating: renderer closed the MessagePort
2024-11-08 11:59:17.267 [info] Extension host with pid 45583 exiting with code 0
2024-11-08 11:59:19.144 [info] Extension host with pid 59494 started
2024-11-08 11:59:19.144 [info] Skipping acquiring lock for /home/lughx/.config/Code/User/workspaceStorage/87f6b72bf11e272574982c684e646f41.
2024-11-08 11:59:19.326 [info] ExtensionService#_doActivateExtension vscode.emmet, startup: false, activationEvent: 'onLanguage'
2024-11-08 11:59:19.361 [info] ExtensionService#_doActivateExtension vscode.configuration-editing, startup: false, activationEvent: 'onLanguage:jsonc'
2024-11-08 11:59:19.384 [info] ExtensionService#_doActivateExtension vscode.json-language-features, startup: false, activationEvent: 'onLanguage:jsonc'
2024-11-08 11:59:19.485 [info] ExtensionService#_doActivateExtension vscode.typescript-language-features, startup: false, activationEvent: 'onLanguage:jsonc'
2024-11-08 11:59:19.993 [info] ExtensionService#_doActivateExtension vscode.git-base, startup: true, activationEvent: '*', root cause: vscode.git
2024-11-08 11:59:19.998 [info] ExtensionService#_doActivateExtension vscode.git, startup: true, activationEvent: '*'
2024-11-08 11:59:20.055 [info] ExtensionService#_doActivateExtension vscode.github, startup: true, activationEvent: '*'
2024-11-08 11:59:20.132 [info] Eager extensions activated
2024-11-08 11:59:20.154 [info] ExtensionService#_doActivateExtension vscode.debug-auto-launch, startup: false, activationEvent: 'onStartupFinished'
2024-11-08 11:59:20.156 [info] ExtensionService#_doActivateExtension vscode.merge-conflict, startup: false, activationEvent: 'onStartupFinished'
2024-11-08 11:59:20.173 [info] ExtensionService#_doActivateExtension Catppuccin.catppuccin-vsc, startup: false, activationEvent: 'onStartupFinished'
2024-11-08 11:59:20.178 [info] ExtensionService#_doActivateExtension Catppuccin.catppuccin-vsc-icons, startup: false, activationEvent: 'onStartupFinished'
2024-11-08 11:59:20.254 [info] ExtensionService#_doActivateExtension esbenp.prettier-vscode, startup: false, activationEvent: 'onStartupFinished'
2024-11-08 12:01:21.939 [info] ExtensionService#_doActivateExtension vscode.extension-editing, startup: false, activationEvent: 'onLanguage:markdown'
2024-11-08 12:01:21.967 [info] ExtensionService#_doActivateExtension vscode.markdown-language-features, startup: false, activationEvent: 'onLanguage:markdown'
2024-11-08 12:01:35.271 [info] ExtensionService#_doActivateExtension vscode.css-language-features, startup: false, activationEvent: 'onLanguage:css'
2024-11-08 12:16:40.487 [warning] vscode.json-language-features - Code actions of kind 'quickfix' requested but returned code action is of kind 'source.sort.json'. Code action will be dropped. Please check 'CodeActionContext.only' to only return requested code actions.
2024-11-08 14:04:59.654 [info] Extension host terminating: renderer closed the MessagePort
2024-11-08 14:04:59.733 [info] Extension host with pid 59494 exiting with code 0
