2024-11-08 11:32:57.250 [info] [main] Log level: Info
2024-11-08 11:32:57.251 [info] [main] Validating found git in: "git"
2024-11-08 11:32:57.251 [info] [main] Using git "2.47.0" from "git"
2024-11-08 11:32:57.251 [info] [Model][doInitialScan] Initial repository scan started
2024-11-08 11:32:57.251 [info] > git rev-parse --show-toplevel [12ms]
2024-11-08 11:32:57.251 [info] fatal: not a git repository (or any of the parent directories): .git
2024-11-08 11:32:57.251 [info] [Model][doInitialScan] Initial repository scan completed - repositories (0), closed repositories (0), parent repositories (0), unsafe repositories (0)
2024-11-08 11:32:57.253 [info] > git rev-parse --show-toplevel [3ms]
2024-11-08 11:32:57.253 [info] fatal: not a git repository (or any of the parent directories): .git
2024-11-08 11:32:57.828 [info] > git rev-parse --show-toplevel [14ms]
2024-11-08 11:32:57.828 [info] fatal: not a git repository (or any of the parent directories): .git
2024-11-08 11:32:58.009 [info] > git rev-parse --show-toplevel [3ms]
2024-11-08 11:32:58.010 [info] fatal: not a git repository (or any of the parent directories): .git
2024-11-08 11:32:58.196 [info] > git rev-parse --show-toplevel [3ms]
2024-11-08 11:32:58.196 [info] fatal: not a git repository (or any of the parent directories): .git
2024-11-08 11:32:59.643 [info] > git rev-parse --show-toplevel [4ms]
2024-11-08 11:32:59.643 [info] fatal: not a git repository (or any of the parent directories): .git
2024-11-08 11:33:12.806 [info] > git rev-parse --show-toplevel [13ms]
2024-11-08 11:33:12.806 [info] fatal: not a git repository (or any of the parent directories): .git
2024-11-08 11:34:07.192 [info] > git rev-parse --show-toplevel [4ms]
2024-11-08 11:34:07.192 [info] fatal: not a git repository (or any of the parent directories): .git
2024-11-08 11:34:23.061 [info] [main] Log level: Info
2024-11-08 11:34:23.062 [info] [main] Validating found git in: "git"
2024-11-08 11:34:23.062 [info] [main] Using git "2.47.0" from "git"
2024-11-08 11:34:23.062 [info] [Model][doInitialScan] Initial repository scan started
2024-11-08 11:34:23.062 [info] > git rev-parse --show-toplevel [11ms]
2024-11-08 11:34:23.062 [info] fatal: not a git repository (or any of the parent directories): .git
2024-11-08 11:34:23.063 [info] > git rev-parse --show-toplevel [6ms]
2024-11-08 11:34:23.063 [info] fatal: not a git repository (or any of the parent directories): .git
2024-11-08 11:34:23.069 [info] [Model][doInitialScan] Initial repository scan completed - repositories (0), closed repositories (0), parent repositories (0), unsafe repositories (0)
2024-11-08 11:34:23.405 [info] > git rev-parse --show-toplevel [272ms]
2024-11-08 11:34:23.405 [info] fatal: not a git repository (or any of the parent directories): .git
2024-11-08 11:34:23.447 [info] > git rev-parse --show-toplevel [6ms]
2024-11-08 11:34:23.447 [info] fatal: not a git repository (or any of the parent directories): .git
2024-11-08 11:34:23.466 [info] > git rev-parse --show-toplevel [4ms]
2024-11-08 11:34:23.466 [info] fatal: not a git repository (or any of the parent directories): .git
2024-11-08 11:34:23.932 [info] > git rev-parse --show-toplevel [18ms]
2024-11-08 11:34:23.932 [info] fatal: not a git repository (or any of the parent directories): .git
2024-11-08 11:34:44.118 [info] > git rev-parse --show-toplevel [4ms]
2024-11-08 11:34:44.118 [info] fatal: not a git repository (or any of the parent directories): .git
2024-11-08 11:35:12.850 [info] > git rev-parse --show-toplevel [4ms]
2024-11-08 11:35:12.850 [info] fatal: not a git repository (or any of the parent directories): .git
2024-11-08 11:35:34.327 [info] > git rev-parse --show-toplevel [5ms]
2024-11-08 11:35:34.327 [info] fatal: not a git repository (or any of the parent directories): .git
2024-11-08 11:37:41.157 [info] > git rev-parse --show-toplevel [4ms]
2024-11-08 11:37:41.157 [info] fatal: not a git repository (or any of the parent directories): .git
2024-11-08 11:37:45.841 [info] > git rev-parse --show-toplevel [4ms]
2024-11-08 11:37:45.841 [info] fatal: not a git repository (or any of the parent directories): .git
2024-11-08 11:37:46.431 [info] > git rev-parse --show-toplevel [3ms]
2024-11-08 11:37:46.431 [info] fatal: not a git repository (or any of the parent directories): .git
2024-11-08 11:37:47.545 [info] > git rev-parse --show-toplevel [4ms]
2024-11-08 11:37:47.545 [info] fatal: not a git repository (or any of the parent directories): .git
2024-11-08 11:37:49.983 [info] > git rev-parse --show-toplevel [3ms]
2024-11-08 11:37:49.983 [info] fatal: not a git repository (or any of the parent directories): .git
2024-11-08 11:38:01.855 [info] > git rev-parse --show-toplevel [4ms]
2024-11-08 11:38:01.855 [info] fatal: not a git repository (or any of the parent directories): .git
2024-11-08 11:39:13.891 [info] > git rev-parse --show-toplevel [3ms]
2024-11-08 11:39:13.891 [info] fatal: not a git repository (or any of the parent directories): .git
2024-11-08 11:39:18.335 [info] > git rev-parse --show-toplevel [5ms]
2024-11-08 11:39:18.335 [info] fatal: not a git repository (or any of the parent directories): .git
2024-11-08 11:39:25.690 [info] > git rev-parse --show-toplevel [3ms]
2024-11-08 11:39:25.690 [info] fatal: not a git repository (or any of the parent directories): .git
2024-11-08 11:39:27.119 [info] > git rev-parse --show-toplevel [3ms]
2024-11-08 11:39:27.119 [info] fatal: not a git repository (or any of the parent directories): .git
2024-11-08 11:45:13.948 [info] > git rev-parse --show-toplevel [2ms]
2024-11-08 11:45:13.949 [info] fatal: not a git repository (or any of the parent directories): .git
2024-11-08 11:45:24.283 [info] > git rev-parse --show-toplevel [2ms]
2024-11-08 11:45:24.283 [info] fatal: not a git repository (or any of the parent directories): .git
2024-11-08 11:45:28.327 [info] > git rev-parse --show-toplevel [2ms]
2024-11-08 11:45:28.327 [info] fatal: not a git repository (or any of the parent directories): .git
2024-11-08 11:45:30.781 [info] > git rev-parse --show-toplevel [3ms]
2024-11-08 11:45:30.785 [info] fatal: not a git repository (or any of the parent directories): .git
2024-11-08 11:45:43.340 [info] > git rev-parse --show-toplevel [1ms]
2024-11-08 11:45:43.341 [info] fatal: not a git repository (or any of the parent directories): .git
2024-11-08 11:45:45.377 [info] > git rev-parse --show-toplevel [2ms]
2024-11-08 11:45:45.377 [info] fatal: not a git repository (or any of the parent directories): .git
2024-11-08 11:45:50.840 [info] > git rev-parse --show-toplevel [2ms]
2024-11-08 11:45:50.840 [info] fatal: not a git repository (or any of the parent directories): .git
2024-11-08 11:46:23.474 [info] > git rev-parse --show-toplevel [7ms]
2024-11-08 11:46:23.474 [info] fatal: not a git repository (or any of the parent directories): .git
2024-11-08 11:46:25.030 [info] > git rev-parse --show-toplevel [2ms]
2024-11-08 11:46:25.030 [info] fatal: not a git repository (or any of the parent directories): .git
2024-11-08 11:46:26.541 [info] > git rev-parse --show-toplevel [1ms]
2024-11-08 11:46:26.541 [info] fatal: not a git repository (or any of the parent directories): .git
2024-11-08 11:46:42.068 [info] > git rev-parse --show-toplevel [2ms]
2024-11-08 11:46:42.068 [info] fatal: not a git repository (or any of the parent directories): .git
2024-11-08 11:48:46.135 [info] > git rev-parse --show-toplevel [2ms]
2024-11-08 11:48:46.135 [info] fatal: not a git repository (or any of the parent directories): .git
2024-11-08 11:48:47.975 [info] > git rev-parse --show-toplevel [2ms]
2024-11-08 11:48:47.976 [info] fatal: not a git repository (or any of the parent directories): .git
2024-11-08 11:48:51.430 [info] > git rev-parse --show-toplevel [2ms]
2024-11-08 11:48:51.430 [info] fatal: not a git repository (or any of the parent directories): .git
2024-11-08 11:48:57.961 [info] > git rev-parse --show-toplevel [2ms]
2024-11-08 11:48:57.961 [info] fatal: not a git repository (or any of the parent directories): .git
2024-11-08 11:48:58.988 [info] > git rev-parse --show-toplevel [4ms]
2024-11-08 11:48:58.988 [info] fatal: not a git repository (or any of the parent directories): .git
2024-11-08 11:49:10.768 [info] > git rev-parse --show-toplevel [2ms]
2024-11-08 11:49:10.768 [info] fatal: not a git repository (or any of the parent directories): .git
2024-11-08 11:49:25.158 [info] > git rev-parse --show-toplevel [2ms]
2024-11-08 11:49:25.158 [info] fatal: not a git repository (or any of the parent directories): .git
2024-11-08 11:49:29.567 [info] > git rev-parse --show-toplevel [2ms]
2024-11-08 11:49:29.567 [info] fatal: not a git repository (or any of the parent directories): .git
2024-11-08 11:50:43.958 [info] > git rev-parse --show-toplevel [3ms]
2024-11-08 11:50:43.958 [info] fatal: not a git repository (or any of the parent directories): .git
2024-11-08 11:50:47.303 [info] > git rev-parse --show-toplevel [2ms]
2024-11-08 11:50:47.303 [info] fatal: not a git repository (or any of the parent directories): .git
2024-11-08 11:50:50.549 [info] > git rev-parse --show-toplevel [1ms]
2024-11-08 11:50:50.549 [info] fatal: not a git repository (or any of the parent directories): .git
2024-11-08 11:50:52.667 [info] > git rev-parse --show-toplevel [3ms]
2024-11-08 11:50:52.667 [info] fatal: not a git repository (or any of the parent directories): .git
2024-11-08 11:52:06.297 [info] > git rev-parse --show-toplevel [3ms]
2024-11-08 11:52:06.297 [info] fatal: not a git repository (or any of the parent directories): .git
2024-11-08 11:52:16.104 [info] > git rev-parse --show-toplevel [1ms]
2024-11-08 11:52:16.104 [info] fatal: not a git repository (or any of the parent directories): .git
2024-11-08 11:52:18.659 [info] > git rev-parse --show-toplevel [2ms]
2024-11-08 11:52:18.659 [info] fatal: not a git repository (or any of the parent directories): .git
2024-11-08 11:52:20.352 [info] > git rev-parse --show-toplevel [2ms]
2024-11-08 11:52:20.352 [info] fatal: not a git repository (or any of the parent directories): .git
2024-11-08 11:52:30.864 [info] > git rev-parse --show-toplevel [2ms]
2024-11-08 11:52:30.864 [info] fatal: not a git repository (or any of the parent directories): .git
2024-11-08 11:53:22.210 [info] > git rev-parse --show-toplevel [2ms]
2024-11-08 11:53:22.210 [info] fatal: not a git repository (or any of the parent directories): .git
2024-11-08 11:53:24.124 [info] > git rev-parse --show-toplevel [2ms]
2024-11-08 11:53:24.124 [info] fatal: not a git repository (or any of the parent directories): .git
2024-11-08 11:53:37.800 [info] > git rev-parse --show-toplevel [3ms]
2024-11-08 11:53:37.800 [info] fatal: not a git repository (or any of the parent directories): .git
2024-11-08 11:53:38.172 [info] > git rev-parse --show-toplevel [2ms]
2024-11-08 11:53:38.172 [info] fatal: not a git repository (or any of the parent directories): .git
2024-11-08 11:53:52.538 [info] > git rev-parse --show-toplevel [2ms]
2024-11-08 11:53:52.538 [info] fatal: not a git repository (or any of the parent directories): .git
2024-11-08 11:54:05.056 [info] > git rev-parse --show-toplevel [3ms]
2024-11-08 11:54:05.056 [info] fatal: not a git repository (or any of the parent directories): .git
2024-11-08 11:54:17.584 [info] > git rev-parse --show-toplevel [3ms]
2024-11-08 11:54:17.584 [info] fatal: not a git repository (or any of the parent directories): .git
2024-11-08 11:54:28.404 [info] > git rev-parse --show-toplevel [3ms]
2024-11-08 11:54:28.404 [info] fatal: not a git repository (or any of the parent directories): .git
2024-11-08 11:54:35.693 [info] > git rev-parse --show-toplevel [2ms]
2024-11-08 11:54:35.693 [info] fatal: not a git repository (or any of the parent directories): .git
2024-11-08 11:54:37.971 [info] > git rev-parse --show-toplevel [2ms]
2024-11-08 11:54:37.971 [info] fatal: not a git repository (or any of the parent directories): .git
2024-11-08 11:54:53.532 [info] > git rev-parse --show-toplevel [2ms]
2024-11-08 11:54:53.532 [info] fatal: not a git repository (or any of the parent directories): .git
2024-11-08 11:54:57.326 [info] > git rev-parse --show-toplevel [2ms]
2024-11-08 11:54:57.326 [info] fatal: not a git repository (or any of the parent directories): .git
2024-11-08 11:55:06.097 [info] > git rev-parse --show-toplevel [2ms]
2024-11-08 11:55:06.097 [info] fatal: not a git repository (or any of the parent directories): .git
2024-11-08 11:55:23.035 [info] > git rev-parse --show-toplevel [2ms]
2024-11-08 11:55:23.035 [info] fatal: not a git repository (or any of the parent directories): .git
2024-11-08 11:55:38.887 [info] > git rev-parse --show-toplevel [3ms]
2024-11-08 11:55:38.887 [info] fatal: not a git repository (or any of the parent directories): .git
2024-11-08 11:55:41.529 [info] > git rev-parse --show-toplevel [2ms]
2024-11-08 11:55:41.529 [info] fatal: not a git repository (or any of the parent directories): .git
2024-11-08 11:59:20.378 [info] [main] Log level: Info
2024-11-08 11:59:20.378 [info] [main] Validating found git in: "git"
2024-11-08 11:59:20.378 [info] [main] Using git "2.47.0" from "git"
2024-11-08 11:59:20.378 [info] [Model][doInitialScan] Initial repository scan started
2024-11-08 11:59:20.378 [info] > git rev-parse --show-toplevel [6ms]
2024-11-08 11:59:20.378 [info] fatal: not a git repository (or any of the parent directories): .git
2024-11-08 11:59:20.379 [info] > git rev-parse --show-toplevel [52ms]
2024-11-08 11:59:20.379 [info] fatal: not a git repository (or any of the parent directories): .git
2024-11-08 11:59:20.382 [info] [Model][doInitialScan] Initial repository scan completed - repositories (0), closed repositories (0), parent repositories (0), unsafe repositories (0)
2024-11-08 11:59:20.921 [info] > git rev-parse --show-toplevel [2ms]
2024-11-08 11:59:20.921 [info] fatal: not a git repository (or any of the parent directories): .git
2024-11-08 12:01:09.084 [info] > git rev-parse --show-toplevel [2ms]
2024-11-08 12:01:09.085 [info] fatal: not a git repository (or any of the parent directories): .git
2024-11-08 12:01:09.885 [info] > git rev-parse --show-toplevel [3ms]
2024-11-08 12:01:09.885 [info] fatal: not a git repository (or any of the parent directories): .git
2024-11-08 12:01:20.128 [info] > git rev-parse --show-toplevel [3ms]
2024-11-08 12:01:20.128 [info] fatal: not a git repository (or any of the parent directories): .git
2024-11-08 12:01:21.196 [info] > git rev-parse --show-toplevel [2ms]
2024-11-08 12:01:21.196 [info] fatal: not a git repository (or any of the parent directories): .git
2024-11-08 12:01:21.911 [info] > git rev-parse --show-toplevel [3ms]
2024-11-08 12:01:21.911 [info] fatal: not a git repository (or any of the parent directories): .git
2024-11-08 12:01:22.590 [info] > git rev-parse --show-toplevel [5ms]
2024-11-08 12:01:22.591 [info] fatal: not a git repository (or any of the parent directories): .git
2024-11-08 12:01:26.199 [info] > git rev-parse --show-toplevel [3ms]
2024-11-08 12:01:26.199 [info] fatal: not a git repository (or any of the parent directories): .git
2024-11-08 12:01:35.165 [info] > git rev-parse --show-toplevel [3ms]
2024-11-08 12:01:35.165 [info] fatal: not a git repository (or any of the parent directories): .git
2024-11-08 12:04:08.336 [info] > git rev-parse --show-toplevel [3ms]
2024-11-08 12:04:08.336 [info] fatal: not a git repository (or any of the parent directories): .git
2024-11-08 12:04:11.646 [info] > git rev-parse --show-toplevel [3ms]
2024-11-08 12:04:11.646 [info] fatal: not a git repository (or any of the parent directories): .git
2024-11-08 12:04:13.167 [info] > git rev-parse --show-toplevel [2ms]
2024-11-08 12:04:13.167 [info] fatal: not a git repository (or any of the parent directories): .git
2024-11-08 12:04:22.558 [info] > git rev-parse --show-toplevel [4ms]
2024-11-08 12:04:22.558 [info] fatal: not a git repository (or any of the parent directories): .git
2024-11-08 12:04:25.318 [info] > git rev-parse --show-toplevel [3ms]
2024-11-08 12:04:25.318 [info] fatal: not a git repository (or any of the parent directories): .git
2024-11-08 12:04:26.923 [info] > git rev-parse --show-toplevel [2ms]
2024-11-08 12:04:26.923 [info] fatal: not a git repository (or any of the parent directories): .git
2024-11-08 12:05:31.495 [info] > git rev-parse --show-toplevel [3ms]
2024-11-08 12:05:31.495 [info] fatal: not a git repository (or any of the parent directories): .git
2024-11-08 12:05:36.162 [info] > git rev-parse --show-toplevel [3ms]
2024-11-08 12:05:36.162 [info] fatal: not a git repository (or any of the parent directories): .git
2024-11-08 12:05:46.029 [info] > git rev-parse --show-toplevel [4ms]
2024-11-08 12:05:46.029 [info] fatal: not a git repository (or any of the parent directories): .git
2024-11-08 12:05:48.174 [info] > git rev-parse --show-toplevel [2ms]
2024-11-08 12:05:48.174 [info] fatal: not a git repository (or any of the parent directories): .git
2024-11-08 12:06:13.619 [info] > git rev-parse --show-toplevel [3ms]
2024-11-08 12:06:13.619 [info] fatal: not a git repository (or any of the parent directories): .git
2024-11-08 12:06:14.079 [info] > git rev-parse --show-toplevel [1ms]
2024-11-08 12:06:14.079 [info] fatal: not a git repository (or any of the parent directories): .git
2024-11-08 12:06:14.835 [info] > git rev-parse --show-toplevel [2ms]
2024-11-08 12:06:14.835 [info] fatal: not a git repository (or any of the parent directories): .git
2024-11-08 12:06:19.647 [info] > git rev-parse --show-toplevel [2ms]
2024-11-08 12:06:19.647 [info] fatal: not a git repository (or any of the parent directories): .git
2024-11-08 12:06:43.472 [info] > git rev-parse --show-toplevel [3ms]
2024-11-08 12:06:43.473 [info] fatal: not a git repository (or any of the parent directories): .git
2024-11-08 12:06:43.945 [info] > git rev-parse --show-toplevel [2ms]
2024-11-08 12:06:43.945 [info] fatal: not a git repository (or any of the parent directories): .git
2024-11-08 12:06:56.608 [info] > git rev-parse --show-toplevel [2ms]
2024-11-08 12:06:56.608 [info] fatal: not a git repository (or any of the parent directories): .git
2024-11-08 12:07:36.428 [info] > git rev-parse --show-toplevel [3ms]
2024-11-08 12:07:36.428 [info] fatal: not a git repository (or any of the parent directories): .git
2024-11-08 12:10:23.116 [info] > git rev-parse --show-toplevel [2ms]
2024-11-08 12:10:23.117 [info] fatal: not a git repository (or any of the parent directories): .git
2024-11-08 12:10:26.362 [info] > git rev-parse --show-toplevel [2ms]
2024-11-08 12:10:26.362 [info] fatal: not a git repository (or any of the parent directories): .git
2024-11-08 12:10:51.535 [info] > git rev-parse --show-toplevel [3ms]
2024-11-08 12:10:51.535 [info] fatal: not a git repository (or any of the parent directories): .git
2024-11-08 12:10:53.330 [info] > git rev-parse --show-toplevel [2ms]
2024-11-08 12:10:53.331 [info] fatal: not a git repository (or any of the parent directories): .git
2024-11-08 12:11:01.144 [info] > git rev-parse --show-toplevel [2ms]
2024-11-08 12:11:01.144 [info] fatal: not a git repository (or any of the parent directories): .git
2024-11-08 12:11:02.043 [info] > git rev-parse --show-toplevel [2ms]
2024-11-08 12:11:02.043 [info] fatal: not a git repository (or any of the parent directories): .git
2024-11-08 12:11:43.322 [info] > git rev-parse --show-toplevel [2ms]
2024-11-08 12:11:43.322 [info] fatal: not a git repository (or any of the parent directories): .git
2024-11-08 13:52:09.161 [info] > git rev-parse --show-toplevel [3ms]
2024-11-08 13:52:09.161 [info] fatal: not a git repository (or any of the parent directories): .git
2024-11-08 13:54:04.043 [info] > git rev-parse --show-toplevel [4ms]
2024-11-08 13:54:04.043 [info] fatal: not a git repository (or any of the parent directories): .git
2024-11-08 13:54:09.996 [info] > git rev-parse --show-toplevel [4ms]
2024-11-08 13:54:09.996 [info] fatal: not a git repository (or any of the parent directories): .git
2024-11-08 13:55:14.563 [info] > git rev-parse --show-toplevel [8ms]
2024-11-08 13:55:14.563 [info] fatal: not a git repository (or any of the parent directories): .git
2024-11-08 13:55:49.146 [info] > git rev-parse --show-toplevel [6ms]
2024-11-08 13:55:49.146 [info] fatal: not a git repository (or any of the parent directories): .git
2024-11-08 13:55:56.274 [info] > git rev-parse --show-toplevel [3ms]
2024-11-08 13:55:56.274 [info] fatal: not a git repository (or any of the parent directories): .git
2024-11-08 14:03:10.614 [info] > git rev-parse --show-toplevel [4ms]
2024-11-08 14:03:10.614 [info] fatal: not a git repository (or any of the parent directories): .git
